<?xml version="1.0" encoding="utf-8"?><testsuites name="pytest tests"><testsuite name="pytest" errors="0" failures="0" skipped="0" tests="14" time="2.565" timestamp="2026-06-15T03:09:08.090692+00:00" hostname="agent-env-d6a3763a-dae5-4446-bfba-13835c79cd68"><testcase classname="backend.tests.test_a_designs_api" name="test_health" time="0.154" /><testcase classname="backend.tests.test_a_designs_api.TestLeadsPublic" name="test_create_lead_201" time="0.045" /><testcase classname="backend.tests.test_a_designs_api.TestLeadsPublic" name="test_create_lead_invalid_email_422" time="0.042" /><testcase classname="backend.tests.test_a_designs_api.TestLeadsPublic" name="test_create_lead_invalid_phone_422" time="0.044" /><testcase classname="backend.tests.test_a_designs_api.TestAuth" name="test_login_success" time="0.269" /><testcase classname="backend.tests.test_a_designs_api.TestAuth" name="test_login_wrong_pwd_401" time="0.265" /><testcase classname="backend.tests.test_a_designs_api.TestAuth" name="test_login_unknown_user_401" time="0.044" /><testcase classname="backend.tests.test_a_designs_api.TestAdminLeads" name="test_list_leads_unauth_401" time="0.043" /><testcase classname="backend.tests.test_a_designs_api.TestAdminLeads" name="test_list_leads_ok" time="0.348" /><testcase classname="backend.tests.test_a_designs_api.TestAdminLeads" name="test_search_filters" time="0.187" /><testcase classname="backend.tests.test_a_designs_api.TestAdminLeads" name="test_stats" time="0.045" /><testcase classname="backend.tests.test_a_designs_api.TestAdminLeads" name="test_patch_status_and_invalid" time="0.210" /><testcase classname="backend.tests.test_a_designs_api.TestAdminLeads" name="test_delete_lead" time="0.181" /><testcase classname="backend.tests.test_a_designs_api.TestAdminLeads" name="test_export_csv" time="0.532" /></testsuite></testsuites>